<?xml version="1.0" encoding="UTF-8"?>
<testsuite xmlns:xsi="http://www.w3.org/2001/XMLSchema-instance" xsi:noNamespaceSchemaLocation="https://maven.apache.org/surefire/maven-surefire-plugin/xsd/surefire-test-report.xsd" version="3.0.2" name="com.contenerizacion.Libros_Docker.services.LibroServiceTest" time="0.34" tests="4" errors="0" skipped="0" failures="0">
  <properties>
[...]
</properties>
  <testcase name="testObtenerLibroPorId" classname="com.contenerizacion.Libros_Docker.services.LibroServiceTest" time="0.309"/>
  <testcase name="testListarLibros" classname="com.contenerizacion.Libros_Docker.services.LibroServiceTest" time="0.015"/>
  <testcase name="testEliminarLibro" classname="com.contenerizacion.Libros_Docker.services.LibroServiceTest" time="0.003"/>
  <testcase name="testGuardarLibro" classname="com.contenerizacion.Libros_Docker.services.LibroServiceTest" time="0.006"/>
</testsuite>